2025-11-15 15:44:12 INFO  TC001_AccountRegistrationTest:15 - ***** Starting TC001_AccountRegistrationTest  ****
2025-11-15 15:44:13 INFO  TC001_AccountRegistrationTest:21 - Clicked on MyAccount Link.. 
2025-11-15 15:44:14 INFO  TC001_AccountRegistrationTest:24 - Clicked on Register Link.. 
2025-11-15 15:44:14 INFO  TC001_AccountRegistrationTest:28 - Providing customer details...
2025-11-15 15:44:16 INFO  TC001_AccountRegistrationTest:42 - Validating expected message..
2025-11-15 15:44:16 INFO  TC001_AccountRegistrationTest:47 - Test passed
2025-11-15 15:44:16 INFO  TC001_AccountRegistrationTest:56 - ***** Finished TC001_AccountRegistrationTest *****
2025-11-15 15:44:18 INFO  TC002_LoginTest:16 - ****** Startign TC_002_LoginTest *****
2025-11-15 15:44:20 INFO  TC002_LoginTest:41 - ****** Finished TC_002_LoginTest *****
2025-11-15 16:34:07 INFO  TC001_AccountRegistrationTest:15 - ***** Starting TC001_AccountRegistrationTest  ****
2025-11-15 16:34:07 INFO  TC001_AccountRegistrationTest:21 - Clicked on MyAccount Link.. 
2025-11-15 16:34:08 INFO  TC001_AccountRegistrationTest:24 - Clicked on Register Link.. 
2025-11-15 16:34:08 INFO  TC001_AccountRegistrationTest:28 - Providing customer details...
2025-11-15 16:34:09 INFO  TC001_AccountRegistrationTest:42 - Validating expected message..
2025-11-15 16:34:10 INFO  TC001_AccountRegistrationTest:47 - Test passed
2025-11-15 16:34:10 INFO  TC001_AccountRegistrationTest:56 - ***** Finished TC001_AccountRegistrationTest *****
2025-11-15 16:34:12 INFO  TC002_LoginTest:16 - ****** Startign TC_002_LoginTest *****
2025-11-15 16:34:14 INFO  TC002_LoginTest:41 - ****** Finished TC_002_LoginTest *****
2025-11-15 16:37:01 INFO  TC001_AccountRegistrationTest:15 - ***** Starting TC001_AccountRegistrationTest  ****
2025-11-15 16:37:01 INFO  TC001_AccountRegistrationTest:21 - Clicked on MyAccount Link.. 
2025-11-15 16:37:01 INFO  TC001_AccountRegistrationTest:24 - Clicked on Register Link.. 
2025-11-15 16:37:01 INFO  TC001_AccountRegistrationTest:28 - Providing customer details...
2025-11-15 16:37:03 INFO  TC001_AccountRegistrationTest:42 - Validating expected message..
2025-11-15 16:37:03 INFO  TC001_AccountRegistrationTest:47 - Test passed
2025-11-15 16:37:03 INFO  TC001_AccountRegistrationTest:56 - ***** Finished TC001_AccountRegistrationTest *****
2025-11-15 16:37:05 INFO  TC002_LoginTest:16 - ****** Startign TC_002_LoginTest *****
2025-11-15 16:37:07 INFO  TC002_LoginTest:41 - ****** Finished TC_002_LoginTest *****
2025-11-15 16:45:58 INFO  TC001_AccountRegistrationTest:15 - ***** Starting TC001_AccountRegistrationTest  ****
2025-11-15 16:45:58 INFO  TC001_AccountRegistrationTest:21 - Clicked on MyAccount Link.. 
2025-11-15 16:45:59 INFO  TC001_AccountRegistrationTest:24 - Clicked on Register Link.. 
2025-11-15 16:45:59 INFO  TC001_AccountRegistrationTest:28 - Providing customer details...
2025-11-15 16:46:00 INFO  TC001_AccountRegistrationTest:42 - Validating expected message..
2025-11-15 16:46:00 INFO  TC001_AccountRegistrationTest:47 - Test passed
2025-11-15 16:46:00 INFO  TC001_AccountRegistrationTest:56 - ***** Finished TC001_AccountRegistrationTest *****
2025-11-15 16:46:02 INFO  TC002_LoginTest:16 - ****** Startign TC_002_LoginTest *****
2025-11-15 16:46:04 INFO  TC002_LoginTest:41 - ****** Finished TC_002_LoginTest *****
2025-11-15 16:53:13 INFO  TC001_AccountRegistrationTest:15 - ***** Starting TC001_AccountRegistrationTest  ****
2025-11-15 16:53:13 INFO  TC001_AccountRegistrationTest:21 - Clicked on MyAccount Link.. 
2025-11-15 16:53:14 INFO  TC001_AccountRegistrationTest:24 - Clicked on Register Link.. 
2025-11-15 16:53:14 INFO  TC001_AccountRegistrationTest:28 - Providing customer details...
2025-11-15 16:53:15 INFO  TC001_AccountRegistrationTest:42 - Validating expected message..
2025-11-15 16:53:15 INFO  TC001_AccountRegistrationTest:47 - Test passed
2025-11-15 16:53:15 INFO  TC001_AccountRegistrationTest:56 - ***** Finished TC001_AccountRegistrationTest *****
2025-11-15 16:53:18 INFO  TC002_LoginTest:16 - ****** Startign TC_002_LoginTest *****
2025-11-15 16:53:20 INFO  TC002_LoginTest:41 - ****** Finished TC_002_LoginTest *****
